<?xml version="1.0" encoding="UTF-8"?>
<!-- Generated by org.testng.reporters.JUnitXMLReporter -->
<testsuite hostname="172-16-212-246.DYNAPOOL.NYU.EDU" name="Command line test" tests="23" failures="0" timestamp="7 Sep 2015 00:48:50 GMT" time="3.657" errors="0">
  <testcase name="deleteEmployee" time="0.022" classname="com.ems.springmvc.controller.AppControllerTest"/>
  <testcase name="editEmployee" time="0.031" classname="com.ems.springmvc.controller.AppControllerTest"/>
  <testcase name="listEmployees" time="0.021" classname="com.ems.springmvc.controller.AppControllerTest"/>
  <testcase name="newEmployee" time="0.001" classname="com.ems.springmvc.controller.AppControllerTest"/>
  <testcase name="saveEmployeeWithSuccess" time="0.002" classname="com.ems.springmvc.controller.AppControllerTest"/>
  <testcase name="saveEmployeeWithValidationError" time="0.001" classname="com.ems.springmvc.controller.AppControllerTest"/>
  <testcase name="saveEmployeeWithValidationErrorNonUniqueSSN" time="0.001" classname="com.ems.springmvc.controller.AppControllerTest"/>
  <testcase name="updateEmployeeWithSuccess" time="0.001" classname="com.ems.springmvc.controller.AppControllerTest"/>
  <testcase name="updateEmployeeWithValidationError" time="0.001" classname="com.ems.springmvc.controller.AppControllerTest"/>
  <testcase name="updateEmployeeWithValidationErrorNonUniqueSSN" time="0.001" classname="com.ems.springmvc.controller.AppControllerTest"/>
  <testcase name="deleteEmployeeByInvalidSsn" time="0.142" classname="com.ems.springmvc.dao.EmployeeDaoImplTest"/>
  <testcase name="deleteEmployeeBySsn" time="0.003" classname="com.ems.springmvc.dao.EmployeeDaoImplTest"/>
  <testcase name="findAllEmployees" time="0.003" classname="com.ems.springmvc.dao.EmployeeDaoImplTest"/>
  <testcase name="findById" time="0.014" classname="com.ems.springmvc.dao.EmployeeDaoImplTest"/>
  <testcase name="findEmployeeBySsn" time="0.017" classname="com.ems.springmvc.dao.EmployeeDaoImplTest"/>
  <testcase name="saveEmployee" time="0.027" classname="com.ems.springmvc.dao.EmployeeDaoImplTest"/>
  <testcase name="deleteEmployeeBySsn" time="0.001" classname="com.ems.springmvc.service.EmployeeServiceImplTest"/>
  <testcase name="findAllEmployees" time="0.0" classname="com.ems.springmvc.service.EmployeeServiceImplTest"/>
  <testcase name="findById" time="0.0" classname="com.ems.springmvc.service.EmployeeServiceImplTest"/>
  <testcase name="findEmployeeBySsn" time="0.0" classname="com.ems.springmvc.service.EmployeeServiceImplTest"/>
  <testcase name="isEmployeeSsnUnique" time="0.001" classname="com.ems.springmvc.service.EmployeeServiceImplTest"/>
  <testcase name="saveEmployee" time="0.0" classname="com.ems.springmvc.service.EmployeeServiceImplTest"/>
  <testcase name="updateEmployee" time="0.0" classname="com.ems.springmvc.service.EmployeeServiceImplTest"/>
</testsuite> <!-- Command line test -->
