<?xml version="1.0" encoding="UTF-8"?>
<testng-results skipped="0" failed="0" total="23" passed="23">
  <reporter-output>
  </reporter-output>
  <suite name="Command line suite" duration-ms="3657" started-at="2015-09-07T00:48:46Z" finished-at="2015-09-07T00:48:50Z">
    <groups>
    </groups>
    <test name="Command line test" duration-ms="3657" started-at="2015-09-07T00:48:46Z" finished-at="2015-09-07T00:48:50Z">
      <class name="com.ems.springmvc.controller.AppControllerTest">
        <test-method status="PASS" signature="setUp()[pri:0, instance:com.ems.springmvc.controller.AppControllerTest@131276c2]" name="setUp" is-config="true" duration-ms="447" started-at="2015-09-06T20:48:46Z" finished-at="2015-09-06T20:48:46Z">
          <reporter-output>
          </reporter-output>
        </test-method> <!-- setUp -->
        <test-method status="PASS" signature="deleteEmployee()[pri:0, instance:com.ems.springmvc.controller.AppControllerTest@131276c2]" name="deleteEmployee" duration-ms="22" started-at="2015-09-06T20:48:46Z" finished-at="2015-09-06T20:48:46Z">
          <reporter-output>
          </reporter-output>
        </test-method> <!-- deleteEmployee -->
        <test-method status="PASS" signature="editEmployee()[pri:0, instance:com.ems.springmvc.controller.AppControllerTest@131276c2]" name="editEmployee" duration-ms="31" started-at="2015-09-06T20:48:46Z" finished-at="2015-09-06T20:48:46Z">
          <reporter-output>
          </reporter-output>
        </test-method> <!-- editEmployee -->
        <test-method status="PASS" signature="listEmployees()[pri:0, instance:com.ems.springmvc.controller.AppControllerTest@131276c2]" name="listEmployees" duration-ms="21" started-at="2015-09-06T20:48:46Z" finished-at="2015-09-06T20:48:46Z">
          <reporter-output>
          </reporter-output>
        </test-method> <!-- listEmployees -->
        <test-method status="PASS" signature="newEmployee()[pri:0, instance:com.ems.springmvc.controller.AppControllerTest@131276c2]" name="newEmployee" duration-ms="1" started-at="2015-09-06T20:48:46Z" finished-at="2015-09-06T20:48:46Z">
          <reporter-output>
          </reporter-output>
        </test-method> <!-- newEmployee -->
        <test-method status="PASS" signature="saveEmployeeWithSuccess()[pri:0, instance:com.ems.springmvc.controller.AppControllerTest@131276c2]" name="saveEmployeeWithSuccess" duration-ms="2" started-at="2015-09-06T20:48:46Z" finished-at="2015-09-06T20:48:46Z">
          <reporter-output>
          </reporter-output>
        </test-method> <!-- saveEmployeeWithSuccess -->
        <test-method status="PASS" signature="saveEmployeeWithValidationError()[pri:0, instance:com.ems.springmvc.controller.AppControllerTest@131276c2]" name="saveEmployeeWithValidationError" duration-ms="1" started-at="2015-09-06T20:48:46Z" finished-at="2015-09-06T20:48:46Z">
          <reporter-output>
          </reporter-output>
        </test-method> <!-- saveEmployeeWithValidationError -->
        <test-method status="PASS" signature="saveEmployeeWithValidationErrorNonUniqueSSN()[pri:0, instance:com.ems.springmvc.controller.AppControllerTest@131276c2]" name="saveEmployeeWithValidationErrorNonUniqueSSN" duration-ms="1" started-at="2015-09-06T20:48:46Z" finished-at="2015-09-06T20:48:46Z">
          <reporter-output>
          </reporter-output>
        </test-method> <!-- saveEmployeeWithValidationErrorNonUniqueSSN -->
        <test-method status="PASS" signature="updateEmployeeWithSuccess()[pri:0, instance:com.ems.springmvc.controller.AppControllerTest@131276c2]" name="updateEmployeeWithSuccess" duration-ms="1" started-at="2015-09-06T20:48:46Z" finished-at="2015-09-06T20:48:46Z">
          <reporter-output>
          </reporter-output>
        </test-method> <!-- updateEmployeeWithSuccess -->
        <test-method status="PASS" signature="updateEmployeeWithValidationError()[pri:0, instance:com.ems.springmvc.controller.AppControllerTest@131276c2]" name="updateEmployeeWithValidationError" duration-ms="1" started-at="2015-09-06T20:48:46Z" finished-at="2015-09-06T20:48:46Z">
          <reporter-output>
          </reporter-output>
        </test-method> <!-- updateEmployeeWithValidationError -->
        <test-method status="PASS" signature="updateEmployeeWithValidationErrorNonUniqueSSN()[pri:0, instance:com.ems.springmvc.controller.AppControllerTest@131276c2]" name="updateEmployeeWithValidationErrorNonUniqueSSN" duration-ms="1" started-at="2015-09-06T20:48:46Z" finished-at="2015-09-06T20:48:46Z">
          <reporter-output>
          </reporter-output>
        </test-method> <!-- updateEmployeeWithValidationErrorNonUniqueSSN -->
      </class> <!-- com.ems.springmvc.controller.AppControllerTest -->
      <class name="com.ems.springmvc.service.EmployeeServiceImplTest">
        <test-method status="PASS" signature="setUp()[pri:0, instance:com.ems.springmvc.service.EmployeeServiceImplTest@1f7030a6]" name="setUp" is-config="true" duration-ms="12" started-at="2015-09-06T20:48:50Z" finished-at="2015-09-06T20:48:50Z">
          <reporter-output>
          </reporter-output>
        </test-method> <!-- setUp -->
        <test-method status="PASS" signature="deleteEmployeeBySsn()[pri:0, instance:com.ems.springmvc.service.EmployeeServiceImplTest@1f7030a6]" name="deleteEmployeeBySsn" duration-ms="1" started-at="2015-09-06T20:48:50Z" finished-at="2015-09-06T20:48:50Z">
          <reporter-output>
          </reporter-output>
        </test-method> <!-- deleteEmployeeBySsn -->
        <test-method status="PASS" signature="findAllEmployees()[pri:0, instance:com.ems.springmvc.service.EmployeeServiceImplTest@1f7030a6]" name="findAllEmployees" duration-ms="0" started-at="2015-09-06T20:48:50Z" finished-at="2015-09-06T20:48:50Z">
          <reporter-output>
          </reporter-output>
        </test-method> <!-- findAllEmployees -->
        <test-method status="PASS" signature="findById()[pri:0, instance:com.ems.springmvc.service.EmployeeServiceImplTest@1f7030a6]" name="findById" duration-ms="0" started-at="2015-09-06T20:48:50Z" finished-at="2015-09-06T20:48:50Z">
          <reporter-output>
          </reporter-output>
        </test-method> <!-- findById -->
        <test-method status="PASS" signature="isEmployeeSsnUnique()[pri:0, instance:com.ems.springmvc.service.EmployeeServiceImplTest@1f7030a6]" name="isEmployeeSsnUnique" duration-ms="1" started-at="2015-09-06T20:48:50Z" finished-at="2015-09-06T20:48:50Z">
          <reporter-output>
          </reporter-output>
        </test-method> <!-- isEmployeeSsnUnique -->
        <test-method status="PASS" signature="findEmployeeBySsn()[pri:0, instance:com.ems.springmvc.service.EmployeeServiceImplTest@1f7030a6]" name="findEmployeeBySsn" duration-ms="0" started-at="2015-09-06T20:48:50Z" finished-at="2015-09-06T20:48:50Z">
          <reporter-output>
          </reporter-output>
        </test-method> <!-- findEmployeeBySsn -->
        <test-method status="PASS" signature="saveEmployee()[pri:0, instance:com.ems.springmvc.service.EmployeeServiceImplTest@1f7030a6]" name="saveEmployee" duration-ms="0" started-at="2015-09-06T20:48:50Z" finished-at="2015-09-06T20:48:50Z">
          <reporter-output>
          </reporter-output>
        </test-method> <!-- saveEmployee -->
        <test-method status="PASS" signature="updateEmployee()[pri:0, instance:com.ems.springmvc.service.EmployeeServiceImplTest@1f7030a6]" name="updateEmployee" duration-ms="0" started-at="2015-09-06T20:48:50Z" finished-at="2015-09-06T20:48:50Z">
          <reporter-output>
          </reporter-output>
        </test-method> <!-- updateEmployee -->
      </class> <!-- com.ems.springmvc.service.EmployeeServiceImplTest -->
      <class name="com.ems.springmvc.dao.EmployeeDaoImplTest">
        <test-method status="PASS" signature="springTestContextBeforeTestClass()[pri:0, instance:com.ems.springmvc.dao.EmployeeDaoImplTest@1d29cf23]" name="springTestContextBeforeTestClass" is-config="true" duration-ms="0" started-at="2015-09-06T20:48:46Z" finished-at="2015-09-06T20:48:46Z">
          <reporter-output>
          </reporter-output>
        </test-method> <!-- springTestContextBeforeTestClass -->
        <test-method status="PASS" signature="springTestContextPrepareTestInstance()[pri:0, instance:com.ems.springmvc.dao.EmployeeDaoImplTest@1d29cf23]" name="springTestContextPrepareTestInstance" is-config="true" duration-ms="2502" started-at="2015-09-06T20:48:46Z" depends-on-methods="org.springframework.test.context.testng.AbstractTestNGSpringContextTests.springTestContextBeforeTestClass" finished-at="2015-09-06T20:48:49Z">
          <reporter-output>
          </reporter-output>
        </test-method> <!-- springTestContextPrepareTestInstance -->
        <test-method status="PASS" signature="springTestContextBeforeTestMethod(java.lang.reflect.Method)[pri:0, instance:com.ems.springmvc.dao.EmployeeDaoImplTest@1d29cf23]" name="springTestContextBeforeTestMethod" is-config="true" duration-ms="72" started-at="2015-09-06T20:48:49Z" finished-at="2015-09-06T20:48:49Z">
          <params>
            <param index="0">
              <value>
                <![CDATA[public void com.ems.springmvc.dao.EmployeeDaoImplTest.deleteEmployeeByInvalidSsn()]]>
              </value>
            </param>
          </params>
          <reporter-output>
          </reporter-output>
        </test-method> <!-- springTestContextBeforeTestMethod -->
        <test-method status="PASS" signature="setUp()[pri:0, instance:com.ems.springmvc.dao.EmployeeDaoImplTest@1d29cf23]" name="setUp" is-config="true" duration-ms="184" started-at="2015-09-06T20:48:49Z" finished-at="2015-09-06T20:48:49Z">
          <reporter-output>
          </reporter-output>
        </test-method> <!-- setUp -->
        <test-method status="PASS" signature="deleteEmployeeByInvalidSsn()[pri:0, instance:com.ems.springmvc.dao.EmployeeDaoImplTest@1d29cf23]" name="deleteEmployeeByInvalidSsn" duration-ms="142" started-at="2015-09-06T20:48:49Z" finished-at="2015-09-06T20:48:49Z">
          <reporter-output>
          </reporter-output>
        </test-method> <!-- deleteEmployeeByInvalidSsn -->
        <test-method status="PASS" signature="springTestContextAfterTestMethod(java.lang.reflect.Method)[pri:0, instance:com.ems.springmvc.dao.EmployeeDaoImplTest@1d29cf23]" name="springTestContextAfterTestMethod" is-config="true" duration-ms="7" started-at="2015-09-06T20:48:49Z" finished-at="2015-09-06T20:48:49Z">
          <params>
            <param index="0">
              <value>
                <![CDATA[public void com.ems.springmvc.dao.EmployeeDaoImplTest.deleteEmployeeByInvalidSsn()]]>
              </value>
            </param>
          </params>
          <reporter-output>
          </reporter-output>
        </test-method> <!-- springTestContextAfterTestMethod -->
        <test-method status="PASS" signature="springTestContextBeforeTestMethod(java.lang.reflect.Method)[pri:0, instance:com.ems.springmvc.dao.EmployeeDaoImplTest@1d29cf23]" name="springTestContextBeforeTestMethod" is-config="true" duration-ms="2" started-at="2015-09-06T20:48:49Z" finished-at="2015-09-06T20:48:49Z">
          <params>
            <param index="0">
              <value>
                <![CDATA[public void com.ems.springmvc.dao.EmployeeDaoImplTest.deleteEmployeeBySsn()]]>
              </value>
            </param>
          </params>
          <reporter-output>
          </reporter-output>
        </test-method> <!-- springTestContextBeforeTestMethod -->
        <test-method status="PASS" signature="setUp()[pri:0, instance:com.ems.springmvc.dao.EmployeeDaoImplTest@1d29cf23]" name="setUp" is-config="true" duration-ms="9" started-at="2015-09-06T20:48:49Z" finished-at="2015-09-06T20:48:49Z">
          <reporter-output>
          </reporter-output>
        </test-method> <!-- setUp -->
        <test-method status="PASS" signature="deleteEmployeeBySsn()[pri:0, instance:com.ems.springmvc.dao.EmployeeDaoImplTest@1d29cf23]" name="deleteEmployeeBySsn" duration-ms="3" started-at="2015-09-06T20:48:49Z" finished-at="2015-09-06T20:48:49Z">
          <reporter-output>
          </reporter-output>
        </test-method> <!-- deleteEmployeeBySsn -->
        <test-method status="PASS" signature="springTestContextAfterTestMethod(java.lang.reflect.Method)[pri:0, instance:com.ems.springmvc.dao.EmployeeDaoImplTest@1d29cf23]" name="springTestContextAfterTestMethod" is-config="true" duration-ms="4" started-at="2015-09-06T20:48:49Z" finished-at="2015-09-06T20:48:49Z">
          <params>
            <param index="0">
              <value>
                <![CDATA[public void com.ems.springmvc.dao.EmployeeDaoImplTest.deleteEmployeeBySsn()]]>
              </value>
            </param>
          </params>
          <reporter-output>
          </reporter-output>
        </test-method> <!-- springTestContextAfterTestMethod -->
        <test-method status="PASS" signature="springTestContextBeforeTestMethod(java.lang.reflect.Method)[pri:0, instance:com.ems.springmvc.dao.EmployeeDaoImplTest@1d29cf23]" name="springTestContextBeforeTestMethod" is-config="true" duration-ms="2" started-at="2015-09-06T20:48:49Z" finished-at="2015-09-06T20:48:49Z">
          <params>
            <param index="0">
              <value>
                <![CDATA[public void com.ems.springmvc.dao.EmployeeDaoImplTest.findAllEmployees()]]>
              </value>
            </param>
          </params>
          <reporter-output>
          </reporter-output>
        </test-method> <!-- springTestContextBeforeTestMethod -->
        <test-method status="PASS" signature="setUp()[pri:0, instance:com.ems.springmvc.dao.EmployeeDaoImplTest@1d29cf23]" name="setUp" is-config="true" duration-ms="9" started-at="2015-09-06T20:48:49Z" finished-at="2015-09-06T20:48:49Z">
          <reporter-output>
          </reporter-output>
        </test-method> <!-- setUp -->
        <test-method status="PASS" signature="findAllEmployees()[pri:0, instance:com.ems.springmvc.dao.EmployeeDaoImplTest@1d29cf23]" name="findAllEmployees" duration-ms="3" started-at="2015-09-06T20:48:49Z" finished-at="2015-09-06T20:48:49Z">
          <reporter-output>
          </reporter-output>
        </test-method> <!-- findAllEmployees -->
        <test-method status="PASS" signature="springTestContextAfterTestMethod(java.lang.reflect.Method)[pri:0, instance:com.ems.springmvc.dao.EmployeeDaoImplTest@1d29cf23]" name="springTestContextAfterTestMethod" is-config="true" duration-ms="2" started-at="2015-09-06T20:48:49Z" finished-at="2015-09-06T20:48:49Z">
          <params>
            <param index="0">
              <value>
                <![CDATA[public void com.ems.springmvc.dao.EmployeeDaoImplTest.findAllEmployees()]]>
              </value>
            </param>
          </params>
          <reporter-output>
          </reporter-output>
        </test-method> <!-- springTestContextAfterTestMethod -->
        <test-method status="PASS" signature="springTestContextBeforeTestMethod(java.lang.reflect.Method)[pri:0, instance:com.ems.springmvc.dao.EmployeeDaoImplTest@1d29cf23]" name="springTestContextBeforeTestMethod" is-config="true" duration-ms="2" started-at="2015-09-06T20:48:49Z" finished-at="2015-09-06T20:48:49Z">
          <params>
            <param index="0">
              <value>
                <![CDATA[public void com.ems.springmvc.dao.EmployeeDaoImplTest.findById()]]>
              </value>
            </param>
          </params>
          <reporter-output>
          </reporter-output>
        </test-method> <!-- springTestContextBeforeTestMethod -->
        <test-method status="PASS" signature="setUp()[pri:0, instance:com.ems.springmvc.dao.EmployeeDaoImplTest@1d29cf23]" name="setUp" is-config="true" duration-ms="12" started-at="2015-09-06T20:48:49Z" finished-at="2015-09-06T20:48:49Z">
          <reporter-output>
          </reporter-output>
        </test-method> <!-- setUp -->
        <test-method status="PASS" signature="findById()[pri:0, instance:com.ems.springmvc.dao.EmployeeDaoImplTest@1d29cf23]" name="findById" duration-ms="14" started-at="2015-09-06T20:48:49Z" finished-at="2015-09-06T20:48:49Z">
          <reporter-output>
          </reporter-output>
        </test-method> <!-- findById -->
        <test-method status="PASS" signature="springTestContextAfterTestMethod(java.lang.reflect.Method)[pri:0, instance:com.ems.springmvc.dao.EmployeeDaoImplTest@1d29cf23]" name="springTestContextAfterTestMethod" is-config="true" duration-ms="3" started-at="2015-09-06T20:48:49Z" finished-at="2015-09-06T20:48:49Z">
          <params>
            <param index="0">
              <value>
                <![CDATA[public void com.ems.springmvc.dao.EmployeeDaoImplTest.findById()]]>
              </value>
            </param>
          </params>
          <reporter-output>
          </reporter-output>
        </test-method> <!-- springTestContextAfterTestMethod -->
        <test-method status="PASS" signature="springTestContextBeforeTestMethod(java.lang.reflect.Method)[pri:0, instance:com.ems.springmvc.dao.EmployeeDaoImplTest@1d29cf23]" name="springTestContextBeforeTestMethod" is-config="true" duration-ms="3" started-at="2015-09-06T20:48:49Z" finished-at="2015-09-06T20:48:49Z">
          <params>
            <param index="0">
              <value>
                <![CDATA[public void com.ems.springmvc.dao.EmployeeDaoImplTest.findEmployeeBySsn()]]>
              </value>
            </param>
          </params>
          <reporter-output>
          </reporter-output>
        </test-method> <!-- springTestContextBeforeTestMethod -->
        <test-method status="PASS" signature="setUp()[pri:0, instance:com.ems.springmvc.dao.EmployeeDaoImplTest@1d29cf23]" name="setUp" is-config="true" duration-ms="10" started-at="2015-09-06T20:48:49Z" finished-at="2015-09-06T20:48:49Z">
          <reporter-output>
          </reporter-output>
        </test-method> <!-- setUp -->
        <test-method status="PASS" signature="findEmployeeBySsn()[pri:0, instance:com.ems.springmvc.dao.EmployeeDaoImplTest@1d29cf23]" name="findEmployeeBySsn" duration-ms="17" started-at="2015-09-06T20:48:49Z" finished-at="2015-09-06T20:48:49Z">
          <reporter-output>
          </reporter-output>
        </test-method> <!-- findEmployeeBySsn -->
        <test-method status="PASS" signature="springTestContextAfterTestMethod(java.lang.reflect.Method)[pri:0, instance:com.ems.springmvc.dao.EmployeeDaoImplTest@1d29cf23]" name="springTestContextAfterTestMethod" is-config="true" duration-ms="3" started-at="2015-09-06T20:48:49Z" finished-at="2015-09-06T20:48:49Z">
          <params>
            <param index="0">
              <value>
                <![CDATA[public void com.ems.springmvc.dao.EmployeeDaoImplTest.findEmployeeBySsn()]]>
              </value>
            </param>
          </params>
          <reporter-output>
          </reporter-output>
        </test-method> <!-- springTestContextAfterTestMethod -->
        <test-method status="PASS" signature="springTestContextBeforeTestMethod(java.lang.reflect.Method)[pri:0, instance:com.ems.springmvc.dao.EmployeeDaoImplTest@1d29cf23]" name="springTestContextBeforeTestMethod" is-config="true" duration-ms="5" started-at="2015-09-06T20:48:49Z" finished-at="2015-09-06T20:48:50Z">
          <params>
            <param index="0">
              <value>
                <![CDATA[public void com.ems.springmvc.dao.EmployeeDaoImplTest.saveEmployee()]]>
              </value>
            </param>
          </params>
          <reporter-output>
          </reporter-output>
        </test-method> <!-- springTestContextBeforeTestMethod -->
        <test-method status="PASS" signature="setUp()[pri:0, instance:com.ems.springmvc.dao.EmployeeDaoImplTest@1d29cf23]" name="setUp" is-config="true" duration-ms="46" started-at="2015-09-06T20:48:50Z" finished-at="2015-09-06T20:48:50Z">
          <reporter-output>
          </reporter-output>
        </test-method> <!-- setUp -->
        <test-method status="PASS" signature="saveEmployee()[pri:0, instance:com.ems.springmvc.dao.EmployeeDaoImplTest@1d29cf23]" name="saveEmployee" duration-ms="27" started-at="2015-09-06T20:48:50Z" finished-at="2015-09-06T20:48:50Z">
          <reporter-output>
          </reporter-output>
        </test-method> <!-- saveEmployee -->
        <test-method status="PASS" signature="springTestContextAfterTestMethod(java.lang.reflect.Method)[pri:0, instance:com.ems.springmvc.dao.EmployeeDaoImplTest@1d29cf23]" name="springTestContextAfterTestMethod" is-config="true" duration-ms="3" started-at="2015-09-06T20:48:50Z" finished-at="2015-09-06T20:48:50Z">
          <params>
            <param index="0">
              <value>
                <![CDATA[public void com.ems.springmvc.dao.EmployeeDaoImplTest.saveEmployee()]]>
              </value>
            </param>
          </params>
          <reporter-output>
          </reporter-output>
        </test-method> <!-- springTestContextAfterTestMethod -->
        <test-method status="PASS" signature="springTestContextAfterTestClass()[pri:0, instance:com.ems.springmvc.dao.EmployeeDaoImplTest@1d29cf23]" name="springTestContextAfterTestClass" is-config="true" duration-ms="0" started-at="2015-09-06T20:48:50Z" finished-at="2015-09-06T20:48:50Z">
          <reporter-output>
          </reporter-output>
        </test-method> <!-- springTestContextAfterTestClass -->
      </class> <!-- com.ems.springmvc.dao.EmployeeDaoImplTest -->
    </test> <!-- Command line test -->
  </suite> <!-- Command line suite -->
</testng-results>
